<?xml version="1.0" encoding="UTF-8"?>
<!-- Generated by org.testng.reporters.JUnitXMLReporter -->
<testsuite ignored="0" hostname="US-PF2HMW22" failures="1" tests="2" name="Default test" time="25.7" errors="0" timestamp="2023-03-17T18:06:52 COT">
  <testcase classname="io.cucumber.testng.AbstractTestNGCucumberTests" name="runScenario" time="22.226"/>
  <testcase classname="io.cucumber.testng.AbstractTestNGCucumberTests" name="runScenario" time="3.02">
    <failure type="java.lang.NullPointerException" message="Cannot invoke &amp;quot;org.openqa.selenium.WebDriver.findElement(org.openqa.selenium.By)&amp;quot; because &amp;quot;this.driver&amp;quot; is null">
      <![CDATA[java.lang.NullPointerException: Cannot invoke "org.openqa.selenium.WebDriver.findElement(org.openqa.selenium.By)" because "this.driver" is null
at pom.BasePage.tiempoEspera(BasePage.java:53)
at pom.Page_Home.ingresarReserva(Page_Home.java:20)
at stepDefinitions.HU05_RV1_Steps.se_ingresa_la_reserva(HU05_RV1_Steps.java:33)
at ✽.Se ingresa la reserva(file:///C:/Users/mortegabuitr/eclipse-workspace/CucumberTest2/src/test/java/features/HU05_RV1.feature:28)
]]>
    </failure>
  </testcase> <!-- runScenario -->
</testsuite> <!-- Default test -->
