<?xml version="1.0" encoding="UTF-8"?>
<testng-results ignored="0" total="2" passed="2" failed="0" skipped="0">
  <reporter-output>
  </reporter-output>
  <suite started-at="2023-03-22T09:29:11 COT" name="Default suite" finished-at="2023-03-22T09:31:29 COT" duration-ms="137926">
    <groups>
      <group name="cucumber">
        <method signature="AbstractTestNGCucumberTests.runScenario(io.cucumber.testng.PickleWrapper,io.cucumber.testng.FeatureWrapper)[pri:0, instance:runner.RunCukesTest@6ccdb29f]" name="runScenario" class="io.cucumber.testng.AbstractTestNGCucumberTests"/>
      </group> <!-- cucumber -->
    </groups>
    <test started-at="2023-03-22T09:29:11 COT" name="Default test" finished-at="2023-03-22T09:31:29 COT" duration-ms="137926">
      <class name="runner.RunCukesTest">
        <test-method is-config="true" signature="setUpClass(org.testng.ITestContext)[pri:0, instance:runner.RunCukesTest@6ccdb29f]" started-at="2023-03-22T09:29:11 COT" name="setUpClass" finished-at="2023-03-22T09:29:11 COT" duration-ms="552" status="PASS">
          <params>
            <param index="0">
              <value>
                <![CDATA[org.testng.TestRunner@7f4596d0]]>
              </value>
            </param>
          </params>
          <reporter-output>
          </reporter-output>
        </test-method> <!-- setUpClass -->
        <test-method signature="runScenario(io.cucumber.testng.PickleWrapper,io.cucumber.testng.FeatureWrapper)[pri:0, instance:runner.RunCukesTest@6ccdb29f]" started-at="2023-03-22T09:29:11 COT" name="runScenario" description="Runs Cucumber Scenarios" data-provider="scenarios" finished-at="2023-03-22T09:30:21 COT" duration-ms="69872" status="PASS">
          <params>
            <param index="0">
              <value>
                <![CDATA["Ingresar la reserva sin correo valido y dar click en el botón gestion para validar el resultado"]]>
              </value>
            </param>
            <param index="1">
              <value>
                <![CDATA["HU 05 regla de validación No 1"]]>
              </value>
            </param>
          </params>
          <reporter-output>
          </reporter-output>
        </test-method> <!-- runScenario -->
        <test-method signature="runScenario(io.cucumber.testng.PickleWrapper,io.cucumber.testng.FeatureWrapper)[pri:0, instance:runner.RunCukesTest@6ccdb29f]" started-at="2023-03-22T09:30:21 COT" name="runScenario" description="Runs Cucumber Scenarios" data-provider="scenarios" finished-at="2023-03-22T09:31:29 COT" duration-ms="67352" status="PASS">
          <params>
            <param index="0">
              <value>
                <![CDATA["Ingresar la reserva sin telefono valido y dar click en el botón gestion para validar el resultado"]]>
              </value>
            </param>
            <param index="1">
              <value>
                <![CDATA["HU 05 regla de validación No 1"]]>
              </value>
            </param>
          </params>
          <reporter-output>
          </reporter-output>
        </test-method> <!-- runScenario -->
        <test-method is-config="true" signature="tearDownClass()[pri:0, instance:runner.RunCukesTest@6ccdb29f]" started-at="2023-03-22T09:31:29 COT" name="tearDownClass" finished-at="2023-03-22T09:31:29 COT" duration-ms="7" status="PASS">
          <reporter-output>
          </reporter-output>
        </test-method> <!-- tearDownClass -->
      </class> <!-- runner.RunCukesTest -->
    </test> <!-- Default test -->
  </suite> <!-- Default suite -->
</testng-results>
