<?xml version="1.0" encoding="UTF-8"?>
<testng-results ignored="0" total="1" passed="1" failed="0" skipped="0">
  <reporter-output>
  </reporter-output>
  <suite started-at="2023-03-21T17:38:55 COT" name="Default suite" finished-at="2023-03-21T17:39:55 COT" duration-ms="59595">
    <groups>
      <group name="cucumber">
        <method signature="AbstractTestNGCucumberTests.runScenario(io.cucumber.testng.PickleWrapper,io.cucumber.testng.FeatureWrapper)[pri:0, instance:runner.RunCukesTest@6ccdb29f]" name="runScenario" class="io.cucumber.testng.AbstractTestNGCucumberTests"/>
      </group> <!-- cucumber -->
    </groups>
    <test started-at="2023-03-21T17:38:55 COT" name="Default test" finished-at="2023-03-21T17:39:55 COT" duration-ms="59595">
      <class name="runner.RunCukesTest">
        <test-method is-config="true" signature="setUpClass(org.testng.ITestContext)[pri:0, instance:runner.RunCukesTest@6ccdb29f]" started-at="2023-03-21T17:38:55 COT" name="setUpClass" finished-at="2023-03-21T17:38:56 COT" duration-ms="385" status="PASS">
          <params>
            <param index="0">
              <value>
                <![CDATA[org.testng.TestRunner@5261ec9]]>
              </value>
            </param>
          </params>
          <reporter-output>
          </reporter-output>
        </test-method> <!-- setUpClass -->
        <test-method signature="runScenario(io.cucumber.testng.PickleWrapper,io.cucumber.testng.FeatureWrapper)[pri:0, instance:runner.RunCukesTest@6ccdb29f]" started-at="2023-03-21T17:38:56 COT" name="runScenario" description="Runs Cucumber Scenarios" data-provider="scenarios" finished-at="2023-03-21T17:39:55 COT" duration-ms="59078" status="PASS">
          <params>
            <param index="0">
              <value>
                <![CDATA["Ingresar la reserva y dar click en el botón gestion para validar el resultado"]]>
              </value>
            </param>
            <param index="1">
              <value>
                <![CDATA["HU 05 regla de validación No 1"]]>
              </value>
            </param>
          </params>
          <reporter-output>
          </reporter-output>
        </test-method> <!-- runScenario -->
        <test-method is-config="true" signature="tearDownClass()[pri:0, instance:runner.RunCukesTest@6ccdb29f]" started-at="2023-03-21T17:39:55 COT" name="tearDownClass" finished-at="2023-03-21T17:39:55 COT" duration-ms="8" status="PASS">
          <reporter-output>
          </reporter-output>
        </test-method> <!-- tearDownClass -->
      </class> <!-- runner.RunCukesTest -->
    </test> <!-- Default test -->
  </suite> <!-- Default suite -->
</testng-results>
