<?xml version="1.0" encoding="UTF-8"?>
<!-- Generated by org.testng.reporters.JUnitReportReporter -->
<testsuite hostname="US-PF2HMW22" failures="0" tests="2" name="runner.RunCukesTest" time="25.246" errors="1" timestamp="2023-03-17T18:06:52 COT" skipped="0">
  <testcase classname="runner.RunCukesTest" name="runScenario" time="3.020">
    <error message="Cannot invoke &quot;org.openqa.selenium.WebDriver.findElement(org.openqa.selenium.By)&quot; because &quot;this.driver&quot; is null" type="java.lang.NullPointerException">
      <![CDATA[java.lang.NullPointerException: Cannot invoke "org.openqa.selenium.WebDriver.findElement(org.openqa.selenium.By)" because "this.driver" is null
at pom.BasePage.tiempoEspera(BasePage.java:53)
at pom.Page_Home.ingresarReserva(Page_Home.java:20)
at stepDefinitions.HU05_RV1_Steps.se_ingresa_la_reserva(HU05_RV1_Steps.java:33)
at ✽.Se ingresa la reserva(file:///C:/Users/mortegabuitr/eclipse-workspace/CucumberTest2/src/test/java/features/HU05_RV1.feature:28)
]]>
    </error>
  </testcase> <!-- runScenario -->
  <system-out/>
  <testcase classname="runner.RunCukesTest" name="runScenario" time="22.226"/>
  <system-out/>
</testsuite> <!-- runner.RunCukesTest -->
